<?xml version="1.0" encoding="UTF-8"?>
<!-- Generated by org.testng.reporters.JUnitReportReporter -->
<testsuite skipped="0" hostname="LAPTOP-NDCC04U7" name="com.Banking.TestCase.TC_LoginTest_001" tests="1" failures="0" timestamp="2020-01-26T18:01:49 CST" time="1.212" errors="0">
  <testcase name="LoginTest" time="1.212" classname="com.Banking.TestCase.TC_LoginTest_001"/>
  <system-out/>
</testsuite> <!-- com.Banking.TestCase.TC_LoginTest_001 -->
