<?xml version="1.0" encoding="UTF-8"?>
<!-- Generated by org.testng.reporters.JUnitReportReporter -->
<testsuite skipped="0" hostname="LAPTOP-NDCC04U7" name="com.Banking.TestCase.TC_LoginDDTTest_002" tests="1" failures="0" timestamp="2020-01-26T09:33:18 CST" time="10.782" errors="0">
  <testcase name="LoginDDT" time="10.782" classname="com.Banking.TestCase.TC_LoginDDTTest_002"/>
  <system-out/>
</testsuite> <!-- com.Banking.TestCase.TC_LoginDDTTest_002 -->
